[debug] [2021-07-31T08:46:05.393Z] ----------------------------------------------------------------------
[debug] [2021-07-31T08:46:05.394Z] Command:       /usr/local/bin/node /usr/local/bin/firebase deploy --only functions:sendOrderEmail
[debug] [2021-07-31T08:46:05.395Z] CLI Version:   9.16.0
[debug] [2021-07-31T08:46:05.395Z] Platform:      darwin
[debug] [2021-07-31T08:46:05.395Z] Node Version:  v14.17.1
[debug] [2021-07-31T08:46:05.396Z] Time:          Sat Jul 31 2021 11:46:05 GMT+0300 (Eastern European Summer Time)
[debug] [2021-07-31T08:46:05.396Z] ----------------------------------------------------------------------
[debug] 
[debug] [2021-07-31T08:46:05.446Z] > command requires scopes: ["email","openid","https://www.googleapis.com/auth/cloudplatformprojects.readonly","https://www.googleapis.com/auth/firebase","https://www.googleapis.com/auth/cloud-platform"]
[debug] [2021-07-31T08:46:05.447Z] > authorizing via signed-in user (kropflowers@gmail.com)
[debug] [2021-07-31T08:46:05.447Z] [iam] checking project flowers-krop for permissions ["cloudfunctions.functions.create","cloudfunctions.functions.delete","cloudfunctions.functions.get","cloudfunctions.functions.list","cloudfunctions.functions.update","cloudfunctions.operations.get","firebase.projects.get"]
[debug] [2021-07-31T08:46:05.448Z] >>> HTTP REQUEST POST https://cloudresourcemanager.googleapis.com/v1/projects/flowers-krop:testIamPermissions  
 {"permissions":["cloudfunctions.functions.create","cloudfunctions.functions.delete","cloudfunctions.functions.get","cloudfunctions.functions.list","cloudfunctions.functions.update","cloudfunctions.operations.get","firebase.projects.get"]}
[debug] [2021-07-31T08:46:06.282Z] <<< HTTP RESPONSE 200 {"content-type":"application/json; charset=UTF-8","vary":"X-Origin, Referer, Origin,Accept-Encoding","date":"Sat, 31 Jul 2021 08:46:06 GMT","server":"ESF","cache-control":"private","x-xss-protection":"0","x-frame-options":"SAMEORIGIN","x-content-type-options":"nosniff","server-timing":"gfet4t7; dur=682","alt-svc":"h3=\":443\"; ma=2592000,h3-29=\":443\"; ma=2592000,h3-T051=\":443\"; ma=2592000,h3-Q050=\":443\"; ma=2592000,h3-Q046=\":443\"; ma=2592000,h3-Q043=\":443\"; ma=2592000,quic=\":443\"; ma=2592000; v=\"46,43\"","accept-ranges":"none","transfer-encoding":"chunked"}
[debug] [2021-07-31T08:46:06.285Z] >>> HTTP REQUEST POST https://iam.googleapis.com/v1/projects/flowers-krop/serviceAccounts/flowers-krop@appspot.gserviceaccount.com:testIamPermissions  
 {"permissions":["iam.serviceAccounts.actAs"]}
[debug] [2021-07-31T08:46:07.057Z] <<< HTTP RESPONSE 200 {"content-type":"application/json; charset=UTF-8","vary":"X-Origin, Referer, Origin,Accept-Encoding","date":"Sat, 31 Jul 2021 08:46:06 GMT","server":"ESF","cache-control":"private","x-xss-protection":"0","x-frame-options":"SAMEORIGIN","x-content-type-options":"nosniff","alt-svc":"h3=\":443\"; ma=2592000,h3-29=\":443\"; ma=2592000,h3-T051=\":443\"; ma=2592000,h3-Q050=\":443\"; ma=2592000,h3-Q046=\":443\"; ma=2592000,h3-Q043=\":443\"; ma=2592000,quic=\":443\"; ma=2592000; v=\"46,43\"","accept-ranges":"none","transfer-encoding":"chunked"}
[info] 
[info] === Deploying to 'flowers-krop'...
[info] 
[info] i  deploying functions 
[info] Running command: npm --prefix "$RESOURCE_DIR" run
[info] ✔  functions: Finished running predeploy script. 
[debug] [2021-07-31T08:46:07.666Z] Validating nodejs source
[debug] [2021-07-31T08:46:09.584Z] > [functions] package.json contents: {
  "name": "functions",
  "description": "Cloud Functions for Firebase",
  "scripts": {
    "lint": "eslint .",
    "serve": "firebase emulators:start --only functions",
    "shell": "firebase functions:shell",
    "start": "npm run shell",
    "deploy": "firebase deploy --only functions",
    "logs": "firebase functions:log"
  },
  "engines": {
    "node": "14"
  },
  "main": "index.js",
  "dependencies": {
    "dotenv": "^10.0.0",
    "firebase-admin": "^9.8.0",
    "firebase-functions": "^3.14.1",
    "nodemailer": "^6.6.3"
  },
  "devDependencies": {
    "eslint": "^7.6.0",
    "eslint-config-google": "^0.14.0",
    "firebase-functions-test": "^0.2.0"
  },
  "private": true
}
[debug] [2021-07-31T08:46:09.585Z] Building nodejs source
[info] i  functions: ensuring required API cloudfunctions.googleapis.com is enabled... 
[info] i  functions: ensuring required API cloudbuild.googleapis.com is enabled... 
[debug] [2021-07-31T08:46:09.587Z] >>> HTTP REQUEST GET https://serviceusage.googleapis.com/v1/projects/flowers-krop/services/cloudfunctions.googleapis.com  
 
[debug] [2021-07-31T08:46:09.588Z] >>> HTTP REQUEST GET https://serviceusage.googleapis.com/v1/projects/flowers-krop/services/runtimeconfig.googleapis.com  
 
[debug] [2021-07-31T08:46:09.588Z] >>> HTTP REQUEST GET https://serviceusage.googleapis.com/v1/projects/flowers-krop/services/cloudbuild.googleapis.com  
 
[debug] [2021-07-31T08:46:10.616Z] <<< HTTP RESPONSE 200 {"content-type":"application/json; charset=UTF-8","vary":"X-Origin, Referer, Origin,Accept-Encoding","date":"Sat, 31 Jul 2021 08:46:10 GMT","server":"ESF","cache-control":"private","x-xss-protection":"0","x-frame-options":"SAMEORIGIN","x-content-type-options":"nosniff","alt-svc":"h3=\":443\"; ma=2592000,h3-29=\":443\"; ma=2592000,h3-T051=\":443\"; ma=2592000,h3-Q050=\":443\"; ma=2592000,h3-Q046=\":443\"; ma=2592000,h3-Q043=\":443\"; ma=2592000,quic=\":443\"; ma=2592000; v=\"46,43\"","accept-ranges":"none","transfer-encoding":"chunked"}
[debug] [2021-07-31T08:46:10.636Z] <<< HTTP RESPONSE 200 {"content-type":"application/json; charset=UTF-8","vary":"X-Origin, Referer, Origin,Accept-Encoding","date":"Sat, 31 Jul 2021 08:46:10 GMT","server":"ESF","cache-control":"private","x-xss-protection":"0","x-frame-options":"SAMEORIGIN","x-content-type-options":"nosniff","alt-svc":"h3=\":443\"; ma=2592000,h3-29=\":443\"; ma=2592000,h3-T051=\":443\"; ma=2592000,h3-Q050=\":443\"; ma=2592000,h3-Q046=\":443\"; ma=2592000,h3-Q043=\":443\"; ma=2592000,quic=\":443\"; ma=2592000; v=\"46,43\"","accept-ranges":"none","transfer-encoding":"chunked"}
[info] ✔  functions: required API cloudbuild.googleapis.com is enabled 
[debug] [2021-07-31T08:46:10.682Z] <<< HTTP RESPONSE 200 {"content-type":"application/json; charset=UTF-8","vary":"X-Origin, Referer, Origin,Accept-Encoding","date":"Sat, 31 Jul 2021 08:46:10 GMT","server":"ESF","cache-control":"private","x-xss-protection":"0","x-frame-options":"SAMEORIGIN","x-content-type-options":"nosniff","alt-svc":"h3=\":443\"; ma=2592000,h3-29=\":443\"; ma=2592000,h3-T051=\":443\"; ma=2592000,h3-Q050=\":443\"; ma=2592000,h3-Q046=\":443\"; ma=2592000,h3-Q043=\":443\"; ma=2592000,quic=\":443\"; ma=2592000; v=\"46,43\"","accept-ranges":"none","transfer-encoding":"chunked"}
[info] ✔  functions: required API cloudfunctions.googleapis.com is enabled 
[debug] [2021-07-31T08:46:10.683Z] >>> HTTP REQUEST GET https://firebase.googleapis.com/v1beta1/projects/flowers-krop/adminSdkConfig  
 
[debug] [2021-07-31T08:46:11.080Z] <<< HTTP RESPONSE 200 {"content-type":"application/json; charset=UTF-8","vary":"X-Origin, Referer, Origin,Accept-Encoding","date":"Sat, 31 Jul 2021 08:46:11 GMT","server":"ESF","cache-control":"private","x-xss-protection":"0","x-frame-options":"SAMEORIGIN","x-content-type-options":"nosniff","alt-svc":"h3=\":443\"; ma=2592000,h3-29=\":443\"; ma=2592000,h3-T051=\":443\"; ma=2592000,h3-Q050=\":443\"; ma=2592000,h3-Q046=\":443\"; ma=2592000,h3-Q043=\":443\"; ma=2592000,quic=\":443\"; ma=2592000; v=\"46,43\"","accept-ranges":"none","transfer-encoding":"chunked"}
[debug] [2021-07-31T08:46:11.083Z] >>> HTTP REQUEST GET https://runtimeconfig.googleapis.com/v1beta1/projects/flowers-krop/configs  
 
[debug] [2021-07-31T08:46:11.477Z] <<< HTTP RESPONSE 200 {"content-type":"application/json; charset=UTF-8","vary":"X-Origin, Referer, Origin,Accept-Encoding","date":"Sat, 31 Jul 2021 08:46:11 GMT","server":"ESF","cache-control":"private","x-xss-protection":"0","x-frame-options":"SAMEORIGIN","x-content-type-options":"nosniff","alt-svc":"h3=\":443\"; ma=2592000,h3-29=\":443\"; ma=2592000,h3-T051=\":443\"; ma=2592000,h3-Q050=\":443\"; ma=2592000,h3-Q046=\":443\"; ma=2592000,h3-Q043=\":443\"; ma=2592000,quic=\":443\"; ma=2592000; v=\"46,43\"","accept-ranges":"none","transfer-encoding":"chunked"}
[debug] [2021-07-31T08:46:11.478Z] Analyzing nodejs backend spec
[info] i  functions: preparing functions directory for uploading... 
[info] i  functions: packaged functions (35.31 KB) for uploading 
[debug] [2021-07-31T08:46:11.703Z] >>> HTTP REQUEST GET https://cloudfunctions.googleapis.com/v1/projects/flowers-krop/locations/-/functions  
 
[debug] [2021-07-31T08:46:12.320Z] <<< HTTP RESPONSE 200 {"content-type":"application/json; charset=UTF-8","vary":"X-Origin, Referer, Origin,Accept-Encoding","date":"Sat, 31 Jul 2021 08:46:12 GMT","server":"ESF","cache-control":"private","x-xss-protection":"0","x-frame-options":"SAMEORIGIN","x-content-type-options":"nosniff","alt-svc":"h3=\":443\"; ma=2592000,h3-29=\":443\"; ma=2592000,h3-T051=\":443\"; ma=2592000,h3-Q050=\":443\"; ma=2592000,h3-Q046=\":443\"; ma=2592000,h3-Q043=\":443\"; ma=2592000,quic=\":443\"; ma=2592000; v=\"46,43\"","accept-ranges":"none","transfer-encoding":"chunked"}
[debug] [2021-07-31T08:46:12.324Z] >>> HTTP REQUEST POST https://cloudfunctions.googleapis.com/v1/projects/flowers-krop/locations/us-central1/functions:generateUploadUrl  
 
[debug] [2021-07-31T08:46:12.965Z] <<< HTTP RESPONSE 200 {"content-type":"application/json; charset=UTF-8","vary":"X-Origin, Referer, Origin,Accept-Encoding","date":"Sat, 31 Jul 2021 08:46:12 GMT","server":"ESF","cache-control":"private","x-xss-protection":"0","x-frame-options":"SAMEORIGIN","x-content-type-options":"nosniff","alt-svc":"h3=\":443\"; ma=2592000,h3-29=\":443\"; ma=2592000,h3-T051=\":443\"; ma=2592000,h3-Q050=\":443\"; ma=2592000,h3-Q046=\":443\"; ma=2592000,h3-Q043=\":443\"; ma=2592000,quic=\":443\"; ma=2592000; v=\"46,43\"","accept-ranges":"none","transfer-encoding":"chunked"}
[debug] [2021-07-31T08:46:12.968Z] >>> HTTP REQUEST PUT https://storage.googleapis.com/gcf-upload-us-central1-385b9089-c86d-4fc7-9683-f02acdd4f598/61962e53-1e84-4fd4-8a68-c08e06ba403d.zip?GoogleAccessId=service-571325545694@gcf-admin-robot.iam.gserviceaccount.com&Expires=1627722972&Signature=ATsRTtlV81yc8hayjJMk5Cmd7wCy1KUy9%2FNeTKJNheYnOmwmQgQGV2NVQ%2BrIFbaJ5rEPqzesFyS0E7wQlX%2F96uusUH%2FmeAh4ITnmFgGgSknhuurlnHdTMFnLbXD3nSY5L61pS5cZi9bq%2B29sfwlZDQnZM0QPQL3GmvKEbOubb4lHtGPnfcvMptEYLfP4koC2ifYX9RPthbhd2EYD54OAyMLvESonZtHJgcI6r7W09vYyclaVLy6ORYFth7XHiWDopWCQoGPyyj0%2BRAeJjaonFUTFvp9ferLPSQFFsLfq8DybzEWLirF%2FMxeeuD%2FYVFHWlKNsl9IeJLSwZitLLKdx5g%3D%3D  
 <request body omitted>
[debug] [2021-07-31T08:46:13.424Z] <<< HTTP RESPONSE 200 {"x-guploader-uploadid":"ADPycdtC3-gfzQ8re-soWY-3WwO-0oHJt777ljb-dcErxHnwpM0T0Uf6IWCz494RnV0BRFIejXVt008iTO6_2bFN6ds","etag":"\"9a2730e52bdb15d81b79c88c5c424c9c\"","x-goog-generation":"1627721173300729","x-goog-metageneration":"1","x-goog-hash":"crc32c=3w29NQ==, md5=micw5SvbFdgbeciMXEJMnA==","x-goog-stored-content-length":"36161","x-goog-stored-content-encoding":"identity","vary":"Origin","content-length":"0","date":"Sat, 31 Jul 2021 08:46:13 GMT","server":"UploadServer","content-type":"text/html; charset=UTF-8","alt-svc":"h3=\":443\"; ma=2592000,h3-29=\":443\"; ma=2592000,h3-T051=\":443\"; ma=2592000,h3-Q050=\":443\"; ma=2592000,h3-Q046=\":443\"; ma=2592000,h3-Q043=\":443\"; ma=2592000,quic=\":443\"; ma=2592000; v=\"46,43\""}
[info] ✔  functions: functions folder uploaded successfully 
[info] i  functions: updating Node.js 14 function sendOrderEmail(us-central1)... 
[debug] [2021-07-31T08:46:13.434Z] >>> HTTP REQUEST PATCH https://cloudfunctions.googleapis.com/v1/projects/flowers-krop/locations/us-central1/functions/sendOrderEmail {"updateMask":"name,sourceUploadUrl,entryPoint,runtime,eventTrigger.eventType,eventTrigger.resource,eventTrigger.failurePolicy,labels,environmentVariables"} 
 {"name":"projects/flowers-krop/locations/us-central1/functions/sendOrderEmail","sourceUploadUrl":"https://storage.googleapis.com/gcf-upload-us-central1-385b9089-c86d-4fc7-9683-f02acdd4f598/61962e53-1e84-4fd4-8a68-c08e06ba403d.zip?GoogleAccessId=service-571325545694@gcf-admin-robot.iam.gserviceaccount.com&Expires=1627722972&Signature=ATsRTtlV81yc8hayjJMk5Cmd7wCy1KUy9%2FNeTKJNheYnOmwmQgQGV2NVQ%2BrIFbaJ5rEPqzesFyS0E7wQlX%2F96uusUH%2FmeAh4ITnmFgGgSknhuurlnHdTMFnLbXD3nSY5L61pS5cZi9bq%2B29sfwlZDQnZM0QPQL3GmvKEbOubb4lHtGPnfcvMptEYLfP4koC2ifYX9RPthbhd2EYD54OAyMLvESonZtHJgcI6r7W09vYyclaVLy6ORYFth7XHiWDopWCQoGPyyj0%2BRAeJjaonFUTFvp9ferLPSQFFsLfq8DybzEWLirF%2FMxeeuD%2FYVFHWlKNsl9IeJLSwZitLLKdx5g%3D%3D","entryPoint":"sendOrderEmail","runtime":"nodejs14","eventTrigger":{"eventType":"providers/cloud.firestore/eventTypes/document.create","resource":"projects/flowers-krop/databases/(default)/documents/orders/{docId}"},"labels":{"deployment-tool":"cli-firebase"},"environmentVariables":{"FIREBASE_CONFIG":"{\"projectId\":\"flowers-krop\",\"databaseURL\":\"https://flowers-krop-default-rtdb.europe-west1.firebasedatabase.app\",\"storageBucket\":\"flowers-krop.appspot.com\",\"locationId\":\"europe-west\"}"}}
[debug] [2021-07-31T08:46:14.236Z] <<< HTTP RESPONSE 200 {"content-type":"application/json; charset=UTF-8","vary":"X-Origin, Referer, Origin,Accept-Encoding","date":"Sat, 31 Jul 2021 08:46:14 GMT","server":"ESF","cache-control":"private","x-xss-protection":"0","x-frame-options":"SAMEORIGIN","x-content-type-options":"nosniff","alt-svc":"h3=\":443\"; ma=2592000,h3-29=\":443\"; ma=2592000,h3-T051=\":443\"; ma=2592000,h3-Q050=\":443\"; ma=2592000,h3-Q046=\":443\"; ma=2592000,h3-Q043=\":443\"; ma=2592000,quic=\":443\"; ma=2592000; v=\"46,43\"","accept-ranges":"none","transfer-encoding":"chunked"}
[debug] [2021-07-31T08:46:14.238Z] > refreshing access token with scopes: []
[debug] [2021-07-31T08:46:14.238Z] >>> HTTP REQUEST POST https://www.googleapis.com/oauth2/v3/token  
 <request body omitted>
[debug] [2021-07-31T08:46:14.417Z] <<< HTTP RESPONSE 200 {"cache-control":"no-cache, no-store, max-age=0, must-revalidate","pragma":"no-cache","expires":"Mon, 01 Jan 1990 00:00:00 GMT","date":"Sat, 31 Jul 2021 08:46:14 GMT","content-type":"application/json; charset=utf-8","vary":"X-Origin, Referer, Origin,Accept-Encoding","server":"scaffolding on HTTPServer2","x-xss-protection":"0","x-frame-options":"SAMEORIGIN","x-content-type-options":"nosniff","alt-svc":"h3=\":443\"; ma=2592000,h3-29=\":443\"; ma=2592000,h3-T051=\":443\"; ma=2592000,h3-Q050=\":443\"; ma=2592000,h3-Q046=\":443\"; ma=2592000,h3-Q043=\":443\"; ma=2592000,quic=\":443\"; ma=2592000; v=\"46,43\"","accept-ranges":"none","transfer-encoding":"chunked"}
[debug] [2021-07-31T08:46:14.448Z] >>> [apiv2][query] GET https://cloudfunctions.googleapis.com/v1/operations/Zmxvd2Vycy1rcm9wL3VzLWNlbnRyYWwxL3NlbmRPcmRlckVtYWlsL3Nadm41RlBHTDBV [none]
[debug] [2021-07-31T08:46:14.738Z] <<< [apiv2][status] GET https://cloudfunctions.googleapis.com/v1/operations/Zmxvd2Vycy1rcm9wL3VzLWNlbnRyYWwxL3NlbmRPcmRlckVtYWlsL3Nadm41RlBHTDBV 200
[debug] [2021-07-31T08:46:14.738Z] <<< [apiv2][body] GET https://cloudfunctions.googleapis.com/v1/operations/Zmxvd2Vycy1rcm9wL3VzLWNlbnRyYWwxL3NlbmRPcmRlckVtYWlsL3Nadm41RlBHTDBV {"name":"operations/Zmxvd2Vycy1rcm9wL3VzLWNlbnRyYWwxL3NlbmRPcmRlckVtYWlsL3Nadm41RlBHTDBV","metadata":{"@type":"type.googleapis.com/google.cloud.functions.v1.OperationMetadataV1","target":"projects/flowers-krop/locations/us-central1/functions/sendOrderEmail","type":"UPDATE_FUNCTION","request":{"@type":"type.googleapis.com/google.cloud.functions.v1.CloudFunction","name":"projects/flowers-krop/locations/us-central1/functions/sendOrderEmail","eventTrigger":{"eventType":"providers/cloud.firestore/eventTypes/document.create","resource":"projects/flowers-krop/databases/(default)/documents/orders/{docId}","service":"firestore.googleapis.com"},"status":"ACTIVE","entryPoint":"sendOrderEmail","timeout":"60s","availableMemoryMb":256,"serviceAccountEmail":"flowers-krop@appspot.gserviceaccount.com","updateTime":"2021-07-31T08:44:45.356Z","versionId":"2","labels":{"deployment-tool":"cli-firebase"},"sourceUploadUrl":"https://storage.googleapis.com/gcf-upload-us-central1-385b9089-c86d-4fc7-9683-f02acdd4f598/61962e53-1e84-4fd4-8a68-c08e06ba403d.zip?GoogleAccessId=service-571325545694@gcf-admin-robot.iam.gserviceaccount.com&Expires=1627722972&Signature=ATsRTtlV81yc8hayjJMk5Cmd7wCy1KUy9%2FNeTKJNheYnOmwmQgQGV2NVQ%2BrIFbaJ5rEPqzesFyS0E7wQlX%2F96uusUH%2FmeAh4ITnmFgGgSknhuurlnHdTMFnLbXD3nSY5L61pS5cZi9bq%2B29sfwlZDQnZM0QPQL3GmvKEbOubb4lHtGPnfcvMptEYLfP4koC2ifYX9RPthbhd2EYD54OAyMLvESonZtHJgcI6r7W09vYyclaVLy6ORYFth7XHiWDopWCQoGPyyj0%2BRAeJjaonFUTFvp9ferLPSQFFsLfq8DybzEWLirF%2FMxeeuD%2FYVFHWlKNsl9IeJLSwZitLLKdx5g%3D%3D","environmentVariables":{"FIREBASE_CONFIG":"{\"projectId\":\"flowers-krop\",\"databaseURL\":\"https://flowers-krop-default-rtdb.europe-west1.firebasedatabase.app\",\"storageBucket\":\"flowers-krop.appspot.com\",\"locationId\":\"europe-west\"}"},"runtime":"nodejs14","ingressSettings":"ALLOW_ALL","buildId":"55586de3-b17c-462a-8c6f-60e749a0e0cb"},"versionId":"3","updateTime":"2021-07-31T08:46:14Z","buildName":"projects/571325545694/locations/us-central1/builds/55586de3-b17c-462a-8c6f-60e749a0e0cb"}}
[debug] [2021-07-31T08:46:15.241Z] [update-projects/flowers-krop/locations/us-central1/functions/sendOrderEmail] Retrying task index 0
[debug] [2021-07-31T08:46:15.243Z] >>> [apiv2][query] GET https://cloudfunctions.googleapis.com/v1/operations/Zmxvd2Vycy1rcm9wL3VzLWNlbnRyYWwxL3NlbmRPcmRlckVtYWlsL3Nadm41RlBHTDBV [none]
[debug] [2021-07-31T08:46:15.553Z] <<< [apiv2][status] GET https://cloudfunctions.googleapis.com/v1/operations/Zmxvd2Vycy1rcm9wL3VzLWNlbnRyYWwxL3NlbmRPcmRlckVtYWlsL3Nadm41RlBHTDBV 200
[debug] [2021-07-31T08:46:15.554Z] <<< [apiv2][body] GET https://cloudfunctions.googleapis.com/v1/operations/Zmxvd2Vycy1rcm9wL3VzLWNlbnRyYWwxL3NlbmRPcmRlckVtYWlsL3Nadm41RlBHTDBV {"name":"operations/Zmxvd2Vycy1rcm9wL3VzLWNlbnRyYWwxL3NlbmRPcmRlckVtYWlsL3Nadm41RlBHTDBV","metadata":{"@type":"type.googleapis.com/google.cloud.functions.v1.OperationMetadataV1","target":"projects/flowers-krop/locations/us-central1/functions/sendOrderEmail","type":"UPDATE_FUNCTION","request":{"@type":"type.googleapis.com/google.cloud.functions.v1.CloudFunction","name":"projects/flowers-krop/locations/us-central1/functions/sendOrderEmail","eventTrigger":{"eventType":"providers/cloud.firestore/eventTypes/document.create","resource":"projects/flowers-krop/databases/(default)/documents/orders/{docId}","service":"firestore.googleapis.com"},"status":"ACTIVE","entryPoint":"sendOrderEmail","timeout":"60s","availableMemoryMb":256,"serviceAccountEmail":"flowers-krop@appspot.gserviceaccount.com","updateTime":"2021-07-31T08:44:45.356Z","versionId":"2","labels":{"deployment-tool":"cli-firebase"},"sourceUploadUrl":"https://storage.googleapis.com/gcf-upload-us-central1-385b9089-c86d-4fc7-9683-f02acdd4f598/61962e53-1e84-4fd4-8a68-c08e06ba403d.zip?GoogleAccessId=service-571325545694@gcf-admin-robot.iam.gserviceaccount.com&Expires=1627722972&Signature=ATsRTtlV81yc8hayjJMk5Cmd7wCy1KUy9%2FNeTKJNheYnOmwmQgQGV2NVQ%2BrIFbaJ5rEPqzesFyS0E7wQlX%2F96uusUH%2FmeAh4ITnmFgGgSknhuurlnHdTMFnLbXD3nSY5L61pS5cZi9bq%2B29sfwlZDQnZM0QPQL3GmvKEbOubb4lHtGPnfcvMptEYLfP4koC2ifYX9RPthbhd2EYD54OAyMLvESonZtHJgcI6r7W09vYyclaVLy6ORYFth7XHiWDopWCQoGPyyj0%2BRAeJjaonFUTFvp9ferLPSQFFsLfq8DybzEWLirF%2FMxeeuD%2FYVFHWlKNsl9IeJLSwZitLLKdx5g%3D%3D","environmentVariables":{"FIREBASE_CONFIG":"{\"projectId\":\"flowers-krop\",\"databaseURL\":\"https://flowers-krop-default-rtdb.europe-west1.firebasedatabase.app\",\"storageBucket\":\"flowers-krop.appspot.com\",\"locationId\":\"europe-west\"}"},"runtime":"nodejs14","ingressSettings":"ALLOW_ALL","buildId":"55586de3-b17c-462a-8c6f-60e749a0e0cb"},"versionId":"3","updateTime":"2021-07-31T08:46:14Z","buildId":"9e0dccd1-2272-401f-8bd6-6d58e1c0f4af","buildName":"projects/571325545694/locations/us-central1/builds/9e0dccd1-2272-401f-8bd6-6d58e1c0f4af"}}
[debug] [2021-07-31T08:46:16.558Z] [update-projects/flowers-krop/locations/us-central1/functions/sendOrderEmail] Retrying task index 0
[debug] [2021-07-31T08:46:16.559Z] >>> [apiv2][query] GET https://cloudfunctions.googleapis.com/v1/operations/Zmxvd2Vycy1rcm9wL3VzLWNlbnRyYWwxL3NlbmRPcmRlckVtYWlsL3Nadm41RlBHTDBV [none]
[debug] [2021-07-31T08:46:16.878Z] <<< [apiv2][status] GET https://cloudfunctions.googleapis.com/v1/operations/Zmxvd2Vycy1rcm9wL3VzLWNlbnRyYWwxL3NlbmRPcmRlckVtYWlsL3Nadm41RlBHTDBV 200
[debug] [2021-07-31T08:46:16.878Z] <<< [apiv2][body] GET https://cloudfunctions.googleapis.com/v1/operations/Zmxvd2Vycy1rcm9wL3VzLWNlbnRyYWwxL3NlbmRPcmRlckVtYWlsL3Nadm41RlBHTDBV {"name":"operations/Zmxvd2Vycy1rcm9wL3VzLWNlbnRyYWwxL3NlbmRPcmRlckVtYWlsL3Nadm41RlBHTDBV","metadata":{"@type":"type.googleapis.com/google.cloud.functions.v1.OperationMetadataV1","target":"projects/flowers-krop/locations/us-central1/functions/sendOrderEmail","type":"UPDATE_FUNCTION","request":{"@type":"type.googleapis.com/google.cloud.functions.v1.CloudFunction","name":"projects/flowers-krop/locations/us-central1/functions/sendOrderEmail","eventTrigger":{"eventType":"providers/cloud.firestore/eventTypes/document.create","resource":"projects/flowers-krop/databases/(default)/documents/orders/{docId}","service":"firestore.googleapis.com"},"status":"ACTIVE","entryPoint":"sendOrderEmail","timeout":"60s","availableMemoryMb":256,"serviceAccountEmail":"flowers-krop@appspot.gserviceaccount.com","updateTime":"2021-07-31T08:44:45.356Z","versionId":"2","labels":{"deployment-tool":"cli-firebase"},"sourceUploadUrl":"https://storage.googleapis.com/gcf-upload-us-central1-385b9089-c86d-4fc7-9683-f02acdd4f598/61962e53-1e84-4fd4-8a68-c08e06ba403d.zip?GoogleAccessId=service-571325545694@gcf-admin-robot.iam.gserviceaccount.com&Expires=1627722972&Signature=ATsRTtlV81yc8hayjJMk5Cmd7wCy1KUy9%2FNeTKJNheYnOmwmQgQGV2NVQ%2BrIFbaJ5rEPqzesFyS0E7wQlX%2F96uusUH%2FmeAh4ITnmFgGgSknhuurlnHdTMFnLbXD3nSY5L61pS5cZi9bq%2B29sfwlZDQnZM0QPQL3GmvKEbOubb4lHtGPnfcvMptEYLfP4koC2ifYX9RPthbhd2EYD54OAyMLvESonZtHJgcI6r7W09vYyclaVLy6ORYFth7XHiWDopWCQoGPyyj0%2BRAeJjaonFUTFvp9ferLPSQFFsLfq8DybzEWLirF%2FMxeeuD%2FYVFHWlKNsl9IeJLSwZitLLKdx5g%3D%3D","environmentVariables":{"FIREBASE_CONFIG":"{\"projectId\":\"flowers-krop\",\"databaseURL\":\"https://flowers-krop-default-rtdb.europe-west1.firebasedatabase.app\",\"storageBucket\":\"flowers-krop.appspot.com\",\"locationId\":\"europe-west\"}"},"runtime":"nodejs14","ingressSettings":"ALLOW_ALL","buildId":"55586de3-b17c-462a-8c6f-60e749a0e0cb"},"versionId":"3","updateTime":"2021-07-31T08:46:14Z","buildId":"9e0dccd1-2272-401f-8bd6-6d58e1c0f4af","buildName":"projects/571325545694/locations/us-central1/builds/9e0dccd1-2272-401f-8bd6-6d58e1c0f4af"}}
[debug] [2021-07-31T08:46:18.884Z] [update-projects/flowers-krop/locations/us-central1/functions/sendOrderEmail] Retrying task index 0
[debug] [2021-07-31T08:46:18.885Z] >>> [apiv2][query] GET https://cloudfunctions.googleapis.com/v1/operations/Zmxvd2Vycy1rcm9wL3VzLWNlbnRyYWwxL3NlbmRPcmRlckVtYWlsL3Nadm41RlBHTDBV [none]
[debug] [2021-07-31T08:46:19.165Z] <<< [apiv2][status] GET https://cloudfunctions.googleapis.com/v1/operations/Zmxvd2Vycy1rcm9wL3VzLWNlbnRyYWwxL3NlbmRPcmRlckVtYWlsL3Nadm41RlBHTDBV 200
[debug] [2021-07-31T08:46:19.165Z] <<< [apiv2][body] GET https://cloudfunctions.googleapis.com/v1/operations/Zmxvd2Vycy1rcm9wL3VzLWNlbnRyYWwxL3NlbmRPcmRlckVtYWlsL3Nadm41RlBHTDBV {"name":"operations/Zmxvd2Vycy1rcm9wL3VzLWNlbnRyYWwxL3NlbmRPcmRlckVtYWlsL3Nadm41RlBHTDBV","metadata":{"@type":"type.googleapis.com/google.cloud.functions.v1.OperationMetadataV1","target":"projects/flowers-krop/locations/us-central1/functions/sendOrderEmail","type":"UPDATE_FUNCTION","request":{"@type":"type.googleapis.com/google.cloud.functions.v1.CloudFunction","name":"projects/flowers-krop/locations/us-central1/functions/sendOrderEmail","eventTrigger":{"eventType":"providers/cloud.firestore/eventTypes/document.create","resource":"projects/flowers-krop/databases/(default)/documents/orders/{docId}","service":"firestore.googleapis.com"},"status":"ACTIVE","entryPoint":"sendOrderEmail","timeout":"60s","availableMemoryMb":256,"serviceAccountEmail":"flowers-krop@appspot.gserviceaccount.com","updateTime":"2021-07-31T08:44:45.356Z","versionId":"2","labels":{"deployment-tool":"cli-firebase"},"sourceUploadUrl":"https://storage.googleapis.com/gcf-upload-us-central1-385b9089-c86d-4fc7-9683-f02acdd4f598/61962e53-1e84-4fd4-8a68-c08e06ba403d.zip?GoogleAccessId=service-571325545694@gcf-admin-robot.iam.gserviceaccount.com&Expires=1627722972&Signature=ATsRTtlV81yc8hayjJMk5Cmd7wCy1KUy9%2FNeTKJNheYnOmwmQgQGV2NVQ%2BrIFbaJ5rEPqzesFyS0E7wQlX%2F96uusUH%2FmeAh4ITnmFgGgSknhuurlnHdTMFnLbXD3nSY5L61pS5cZi9bq%2B29sfwlZDQnZM0QPQL3GmvKEbOubb4lHtGPnfcvMptEYLfP4koC2ifYX9RPthbhd2EYD54OAyMLvESonZtHJgcI6r7W09vYyclaVLy6ORYFth7XHiWDopWCQoGPyyj0%2BRAeJjaonFUTFvp9ferLPSQFFsLfq8DybzEWLirF%2FMxeeuD%2FYVFHWlKNsl9IeJLSwZitLLKdx5g%3D%3D","environmentVariables":{"FIREBASE_CONFIG":"{\"projectId\":\"flowers-krop\",\"databaseURL\":\"https://flowers-krop-default-rtdb.europe-west1.firebasedatabase.app\",\"storageBucket\":\"flowers-krop.appspot.com\",\"locationId\":\"europe-west\"}"},"runtime":"nodejs14","ingressSettings":"ALLOW_ALL","buildId":"55586de3-b17c-462a-8c6f-60e749a0e0cb"},"versionId":"3","updateTime":"2021-07-31T08:46:14Z","buildId":"9e0dccd1-2272-401f-8bd6-6d58e1c0f4af","buildName":"projects/571325545694/locations/us-central1/builds/9e0dccd1-2272-401f-8bd6-6d58e1c0f4af"}}
[debug] [2021-07-31T08:46:23.169Z] [update-projects/flowers-krop/locations/us-central1/functions/sendOrderEmail] Retrying task index 0
[debug] [2021-07-31T08:46:23.170Z] >>> [apiv2][query] GET https://cloudfunctions.googleapis.com/v1/operations/Zmxvd2Vycy1rcm9wL3VzLWNlbnRyYWwxL3NlbmRPcmRlckVtYWlsL3Nadm41RlBHTDBV [none]
[debug] [2021-07-31T08:46:23.479Z] <<< [apiv2][status] GET https://cloudfunctions.googleapis.com/v1/operations/Zmxvd2Vycy1rcm9wL3VzLWNlbnRyYWwxL3NlbmRPcmRlckVtYWlsL3Nadm41RlBHTDBV 200
[debug] [2021-07-31T08:46:23.480Z] <<< [apiv2][body] GET https://cloudfunctions.googleapis.com/v1/operations/Zmxvd2Vycy1rcm9wL3VzLWNlbnRyYWwxL3NlbmRPcmRlckVtYWlsL3Nadm41RlBHTDBV {"name":"operations/Zmxvd2Vycy1rcm9wL3VzLWNlbnRyYWwxL3NlbmRPcmRlckVtYWlsL3Nadm41RlBHTDBV","metadata":{"@type":"type.googleapis.com/google.cloud.functions.v1.OperationMetadataV1","target":"projects/flowers-krop/locations/us-central1/functions/sendOrderEmail","type":"UPDATE_FUNCTION","request":{"@type":"type.googleapis.com/google.cloud.functions.v1.CloudFunction","name":"projects/flowers-krop/locations/us-central1/functions/sendOrderEmail","eventTrigger":{"eventType":"providers/cloud.firestore/eventTypes/document.create","resource":"projects/flowers-krop/databases/(default)/documents/orders/{docId}","service":"firestore.googleapis.com"},"status":"ACTIVE","entryPoint":"sendOrderEmail","timeout":"60s","availableMemoryMb":256,"serviceAccountEmail":"flowers-krop@appspot.gserviceaccount.com","updateTime":"2021-07-31T08:44:45.356Z","versionId":"2","labels":{"deployment-tool":"cli-firebase"},"sourceUploadUrl":"https://storage.googleapis.com/gcf-upload-us-central1-385b9089-c86d-4fc7-9683-f02acdd4f598/61962e53-1e84-4fd4-8a68-c08e06ba403d.zip?GoogleAccessId=service-571325545694@gcf-admin-robot.iam.gserviceaccount.com&Expires=1627722972&Signature=ATsRTtlV81yc8hayjJMk5Cmd7wCy1KUy9%2FNeTKJNheYnOmwmQgQGV2NVQ%2BrIFbaJ5rEPqzesFyS0E7wQlX%2F96uusUH%2FmeAh4ITnmFgGgSknhuurlnHdTMFnLbXD3nSY5L61pS5cZi9bq%2B29sfwlZDQnZM0QPQL3GmvKEbOubb4lHtGPnfcvMptEYLfP4koC2ifYX9RPthbhd2EYD54OAyMLvESonZtHJgcI6r7W09vYyclaVLy6ORYFth7XHiWDopWCQoGPyyj0%2BRAeJjaonFUTFvp9ferLPSQFFsLfq8DybzEWLirF%2FMxeeuD%2FYVFHWlKNsl9IeJLSwZitLLKdx5g%3D%3D","environmentVariables":{"FIREBASE_CONFIG":"{\"projectId\":\"flowers-krop\",\"databaseURL\":\"https://flowers-krop-default-rtdb.europe-west1.firebasedatabase.app\",\"storageBucket\":\"flowers-krop.appspot.com\",\"locationId\":\"europe-west\"}"},"runtime":"nodejs14","ingressSettings":"ALLOW_ALL","buildId":"55586de3-b17c-462a-8c6f-60e749a0e0cb"},"versionId":"3","updateTime":"2021-07-31T08:46:14Z","buildId":"9e0dccd1-2272-401f-8bd6-6d58e1c0f4af","buildName":"projects/571325545694/locations/us-central1/builds/9e0dccd1-2272-401f-8bd6-6d58e1c0f4af"}}
[debug] [2021-07-31T08:46:31.482Z] [update-projects/flowers-krop/locations/us-central1/functions/sendOrderEmail] Retrying task index 0
[debug] [2021-07-31T08:46:31.483Z] >>> [apiv2][query] GET https://cloudfunctions.googleapis.com/v1/operations/Zmxvd2Vycy1rcm9wL3VzLWNlbnRyYWwxL3NlbmRPcmRlckVtYWlsL3Nadm41RlBHTDBV [none]
[debug] [2021-07-31T08:46:31.765Z] <<< [apiv2][status] GET https://cloudfunctions.googleapis.com/v1/operations/Zmxvd2Vycy1rcm9wL3VzLWNlbnRyYWwxL3NlbmRPcmRlckVtYWlsL3Nadm41RlBHTDBV 200
[debug] [2021-07-31T08:46:31.766Z] <<< [apiv2][body] GET https://cloudfunctions.googleapis.com/v1/operations/Zmxvd2Vycy1rcm9wL3VzLWNlbnRyYWwxL3NlbmRPcmRlckVtYWlsL3Nadm41RlBHTDBV {"name":"operations/Zmxvd2Vycy1rcm9wL3VzLWNlbnRyYWwxL3NlbmRPcmRlckVtYWlsL3Nadm41RlBHTDBV","metadata":{"@type":"type.googleapis.com/google.cloud.functions.v1.OperationMetadataV1","target":"projects/flowers-krop/locations/us-central1/functions/sendOrderEmail","type":"UPDATE_FUNCTION","request":{"@type":"type.googleapis.com/google.cloud.functions.v1.CloudFunction","name":"projects/flowers-krop/locations/us-central1/functions/sendOrderEmail","eventTrigger":{"eventType":"providers/cloud.firestore/eventTypes/document.create","resource":"projects/flowers-krop/databases/(default)/documents/orders/{docId}","service":"firestore.googleapis.com"},"status":"ACTIVE","entryPoint":"sendOrderEmail","timeout":"60s","availableMemoryMb":256,"serviceAccountEmail":"flowers-krop@appspot.gserviceaccount.com","updateTime":"2021-07-31T08:44:45.356Z","versionId":"2","labels":{"deployment-tool":"cli-firebase"},"sourceUploadUrl":"https://storage.googleapis.com/gcf-upload-us-central1-385b9089-c86d-4fc7-9683-f02acdd4f598/61962e53-1e84-4fd4-8a68-c08e06ba403d.zip?GoogleAccessId=service-571325545694@gcf-admin-robot.iam.gserviceaccount.com&Expires=1627722972&Signature=ATsRTtlV81yc8hayjJMk5Cmd7wCy1KUy9%2FNeTKJNheYnOmwmQgQGV2NVQ%2BrIFbaJ5rEPqzesFyS0E7wQlX%2F96uusUH%2FmeAh4ITnmFgGgSknhuurlnHdTMFnLbXD3nSY5L61pS5cZi9bq%2B29sfwlZDQnZM0QPQL3GmvKEbOubb4lHtGPnfcvMptEYLfP4koC2ifYX9RPthbhd2EYD54OAyMLvESonZtHJgcI6r7W09vYyclaVLy6ORYFth7XHiWDopWCQoGPyyj0%2BRAeJjaonFUTFvp9ferLPSQFFsLfq8DybzEWLirF%2FMxeeuD%2FYVFHWlKNsl9IeJLSwZitLLKdx5g%3D%3D","environmentVariables":{"FIREBASE_CONFIG":"{\"projectId\":\"flowers-krop\",\"databaseURL\":\"https://flowers-krop-default-rtdb.europe-west1.firebasedatabase.app\",\"storageBucket\":\"flowers-krop.appspot.com\",\"locationId\":\"europe-west\"}"},"runtime":"nodejs14","ingressSettings":"ALLOW_ALL","buildId":"55586de3-b17c-462a-8c6f-60e749a0e0cb"},"versionId":"3","updateTime":"2021-07-31T08:46:14Z","buildId":"9e0dccd1-2272-401f-8bd6-6d58e1c0f4af","buildName":"projects/571325545694/locations/us-central1/builds/9e0dccd1-2272-401f-8bd6-6d58e1c0f4af"}}
[debug] [2021-07-31T08:46:47.770Z] [update-projects/flowers-krop/locations/us-central1/functions/sendOrderEmail] Retrying task index 0
[debug] [2021-07-31T08:46:47.770Z] >>> [apiv2][query] GET https://cloudfunctions.googleapis.com/v1/operations/Zmxvd2Vycy1rcm9wL3VzLWNlbnRyYWwxL3NlbmRPcmRlckVtYWlsL3Nadm41RlBHTDBV [none]
[debug] [2021-07-31T08:46:48.044Z] <<< [apiv2][status] GET https://cloudfunctions.googleapis.com/v1/operations/Zmxvd2Vycy1rcm9wL3VzLWNlbnRyYWwxL3NlbmRPcmRlckVtYWlsL3Nadm41RlBHTDBV 200
[debug] [2021-07-31T08:46:48.044Z] <<< [apiv2][body] GET https://cloudfunctions.googleapis.com/v1/operations/Zmxvd2Vycy1rcm9wL3VzLWNlbnRyYWwxL3NlbmRPcmRlckVtYWlsL3Nadm41RlBHTDBV {"name":"operations/Zmxvd2Vycy1rcm9wL3VzLWNlbnRyYWwxL3NlbmRPcmRlckVtYWlsL3Nadm41RlBHTDBV","metadata":{"@type":"type.googleapis.com/google.cloud.functions.v1.OperationMetadataV1","target":"projects/flowers-krop/locations/us-central1/functions/sendOrderEmail","type":"UPDATE_FUNCTION","request":{"@type":"type.googleapis.com/google.cloud.functions.v1.CloudFunction","name":"projects/flowers-krop/locations/us-central1/functions/sendOrderEmail","eventTrigger":{"eventType":"providers/cloud.firestore/eventTypes/document.create","resource":"projects/flowers-krop/databases/(default)/documents/orders/{docId}","service":"firestore.googleapis.com"},"status":"ACTIVE","entryPoint":"sendOrderEmail","timeout":"60s","availableMemoryMb":256,"serviceAccountEmail":"flowers-krop@appspot.gserviceaccount.com","updateTime":"2021-07-31T08:44:45.356Z","versionId":"2","labels":{"deployment-tool":"cli-firebase"},"sourceUploadUrl":"https://storage.googleapis.com/gcf-upload-us-central1-385b9089-c86d-4fc7-9683-f02acdd4f598/61962e53-1e84-4fd4-8a68-c08e06ba403d.zip?GoogleAccessId=service-571325545694@gcf-admin-robot.iam.gserviceaccount.com&Expires=1627722972&Signature=ATsRTtlV81yc8hayjJMk5Cmd7wCy1KUy9%2FNeTKJNheYnOmwmQgQGV2NVQ%2BrIFbaJ5rEPqzesFyS0E7wQlX%2F96uusUH%2FmeAh4ITnmFgGgSknhuurlnHdTMFnLbXD3nSY5L61pS5cZi9bq%2B29sfwlZDQnZM0QPQL3GmvKEbOubb4lHtGPnfcvMptEYLfP4koC2ifYX9RPthbhd2EYD54OAyMLvESonZtHJgcI6r7W09vYyclaVLy6ORYFth7XHiWDopWCQoGPyyj0%2BRAeJjaonFUTFvp9ferLPSQFFsLfq8DybzEWLirF%2FMxeeuD%2FYVFHWlKNsl9IeJLSwZitLLKdx5g%3D%3D","environmentVariables":{"FIREBASE_CONFIG":"{\"projectId\":\"flowers-krop\",\"databaseURL\":\"https://flowers-krop-default-rtdb.europe-west1.firebasedatabase.app\",\"storageBucket\":\"flowers-krop.appspot.com\",\"locationId\":\"europe-west\"}"},"runtime":"nodejs14","ingressSettings":"ALLOW_ALL","buildId":"55586de3-b17c-462a-8c6f-60e749a0e0cb"},"versionId":"3","updateTime":"2021-07-31T08:46:14Z","buildId":"9e0dccd1-2272-401f-8bd6-6d58e1c0f4af","buildName":"projects/571325545694/locations/us-central1/builds/9e0dccd1-2272-401f-8bd6-6d58e1c0f4af"}}
